----------

Tue Jun 11 2024 22:40:26 GMT+0200 (Ora legale dell’Europa centrale)

warning: in the working copy of 'README.md', LF will be replaced by CRLF the next time Git touches it


----------

Tue Jun 11 2024 22:40:26 GMT+0200 (Ora legale dell’Europa centrale)

warning: in the working copy of 'assets/bootstrap/css/bootstrap.min.css', LF will be replaced by CRLF the next time Git touches it


----------

Tue Jun 11 2024 22:40:26 GMT+0200 (Ora legale dell’Europa centrale)

warning: in the working copy of 'assets/bootstrap/js/bootstrap.min.js', LF will be replaced by CRLF the next time Git touches it


----------

Tue Jun 11 2024 22:40:26 GMT+0200 (Ora legale dell’Europa centrale)

warning: in the working copy of 'assets/css/pikaday.min.css', LF will be replaced by CRLF the next time Git touches it


----------

Tue Jun 11 2024 22:40:26 GMT+0200 (Ora legale dell’Europa centrale)

warning: in the working copy of 'assets/fonts/ionicons.min.css', LF will be replaced by CRLF the next time Git touches it


----------

Tue Jun 11 2024 22:40:26 GMT+0200 (Ora legale dell’Europa centrale)

warning: in the working copy of 'assets/fonts/ionicons.svg', LF will be replaced by CRLF the next time Git touches it


----------

Tue Jun 11 2024 22:40:26 GMT+0200 (Ora legale dell’Europa centrale)

warning: in the working copy of 'assets/js/theme.js', LF will be replaced by CRLF the next time Git touches it


----------

Tue Jun 11 2024 22:40:26 GMT+0200 (Ora legale dell’Europa centrale)

warning: in the working copy of 'cv.html', LF will be replaced by CRLF the next time Git touches it


----------

Tue Jun 11 2024 22:40:26 GMT+0200 (Ora legale dell’Europa centrale)

warning: in the working copy of 'index.html', LF will be replaced by CRLF the next time Git touches it


----------

Tue Jun 11 2024 22:40:26 GMT+0200 (Ora legale dell’Europa centrale)

warning: in the working copy of 'projects-no-images.html', LF will be replaced by CRLF the next time Git touches it


----------

Tue Jun 11 2024 22:40:29 GMT+0200 (Ora legale dell’Europa centrale)

To github.com:burattoale/burattoale.github.io.git
   d93a4b3..8b023a7  main -> main


